<?xml version="1.0" encoding="UTF-8"?>
<!-- Generated by org.testng.reporters.JUnitReportReporter -->
<testsuite hostname="DESKTOP-8CID97K" failures="0" tests="1" name="actionclassfeatures.RightClick" time="11.391" errors="0" timestamp="2022-12-01T19:11:14 IST" skipped="0">
  <testcase classname="actionclassfeatures.RightClick" name="rightclickonmenu" time="11.391"/>
  <system-out/>
</testsuite> <!-- actionclassfeatures.RightClick -->
