<?xml version="1.0" encoding="UTF-8"?>
<!-- Generated by org.testng.reporters.JUnitReportReporter -->
<testsuite hostname="DESKTOP-8CID97K" failures="0" tests="5" name="testngtutorial.TestNG_PriorityMethod" time="13.341" errors="0" timestamp="2022-11-21T18:54:40 IST" skipped="0">
  <testcase classname="testngtutorial.TestNG_PriorityMethod" name="gmail" time="2.682"/>
  <system-out/>
  <testcase classname="testngtutorial.TestNG_PriorityMethod" name="seleniumdev" time="2.254"/>
  <system-out/>
  <testcase classname="testngtutorial.TestNG_PriorityMethod" name="google" time="1.974"/>
  <system-out/>
  <testcase classname="testngtutorial.TestNG_PriorityMethod" name="redmine" time="4.954"/>
  <system-out/>
  <testcase classname="testngtutorial.TestNG_PriorityMethod" name="facebook" time="1.477"/>
  <system-out/>
</testsuite> <!-- testngtutorial.TestNG_PriorityMethod -->
