<?xml version="1.0" encoding="UTF-8"?>
<!-- Generated by org.testng.reporters.JUnitReportReporter -->
<testsuite hostname="DESKTOP-8CID97K" failures="0" tests="1" name="alertwindow.PromptDialogBox" time="17.299" errors="0" timestamp="2022-11-23T19:09:16 IST" skipped="0">
  <testcase classname="alertwindow.PromptDialogBox" name="sendtextokbutton" time="17.299"/>
  <system-out/>
</testsuite> <!-- alertwindow.PromptDialogBox -->
