<?xml version="1.0" encoding="UTF-8"?>
<!-- Generated by org.testng.reporters.JUnitReportReporter -->
<testsuite hostname="DESKTOP-8CID97K" failures="0" tests="1" name="log4jdemo.Log4jTutorial" time="19.583" errors="0" timestamp="2022-12-02T19:11:38 IST" skipped="0">
  <testcase classname="log4jdemo.Log4jTutorial" name="Redmine" time="19.583"/>
  <system-out/>
</testsuite> <!-- log4jdemo.Log4jTutorial -->
