<?xml version="1.0" encoding="UTF-8"?>
<!-- Generated by org.testng.reporters.JUnitReportReporter -->
<testsuite hostname="DESKTOP-8CID97K" failures="0" tests="5" name="testngtutorial.TestNG_Skip_Disable_Ignore" time="8.625" errors="0" timestamp="2022-11-21T19:03:39 IST" skipped="2">
  <testcase classname="testngtutorial.TestNG_Skip_Disable_Ignore" name="seleniumdev" time="4.037"/>
  <system-out/>
  <testcase classname="testngtutorial.TestNG_Skip_Disable_Ignore" name="redmine" time="2.759"/>
  <system-out/>
  <testcase classname="testngtutorial.TestNG_Skip_Disable_Ignore" name="google" time="1.829"/>
  <system-out/>
  <testcase classname="testngtutorial.TestNG_Skip_Disable_Ignore" name="gmail">
    <skipped/>
  </testcase> <!-- gmail -->
  <system-out/>
  <testcase classname="testngtutorial.TestNG_Skip_Disable_Ignore" name="facebook">
    <skipped/>
  </testcase> <!-- facebook -->
  <system-out/>
</testsuite> <!-- testngtutorial.TestNG_Skip_Disable_Ignore -->
