<?xml version="1.0" encoding="UTF-8"?>
<!-- Generated by org.testng.reporters.JUnitReportReporter -->
<testsuite hostname="DESKTOP-8CID97K" failures="0" tests="1" name="alertwindow.AlertWindowOkCancelButton" time="12.006" errors="0" timestamp="2022-11-23T19:00:27 IST" skipped="0">
  <testcase classname="alertwindow.AlertWindowOkCancelButton" name="alertOk" time="12.006"/>
  <system-out/>
</testsuite> <!-- alertwindow.AlertWindowOkCancelButton -->
