<?xml version="1.0" encoding="UTF-8"?>
<!-- Generated by org.testng.reporters.JUnitReportReporter -->
<testsuite hostname="DESKTOP-8CID97K" failures="0" tests="3" name="testngtutorial.TestNG_DescriptionMethod" time="12.971" errors="0" timestamp="2022-11-21T19:44:39 IST" skipped="2">
  <testcase classname="testngtutorial.TestNG_DescriptionMethod" name="TestCase4" time="12.971"/>
  <system-out/>
  <testcase classname="testngtutorial.TestNG_DescriptionMethod" name="TestCase2">
    <skipped/>
  </testcase> <!-- TestCase2 -->
  <system-out/>
  <testcase classname="testngtutorial.TestNG_DescriptionMethod" name="TestCase1">
    <skipped/>
  </testcase> <!-- TestCase1 -->
  <system-out/>
</testsuite> <!-- testngtutorial.TestNG_DescriptionMethod -->
