<?xml version="1.0" encoding="UTF-8"?>
<!-- Generated by org.testng.reporters.JUnitReportReporter -->
<testsuite hostname="DESKTOP-8CID97K" failures="0" tests="1" name="actionclassfeatures.DoubleClick" time="10.816" errors="0" timestamp="2022-12-01T19:16:39 IST" skipped="0">
  <testcase classname="actionclassfeatures.DoubleClick" name="dobleClickFeature" time="10.816"/>
  <system-out/>
</testsuite> <!-- actionclassfeatures.DoubleClick -->
