<?xml version="1.0" encoding="UTF-8"?>
<!-- Generated by org.testng.reporters.JUnitReportReporter -->
<testsuite hostname="DESKTOP-8CID97K" failures="0" tests="1" name="advancedfeatures.ScrollDownandUP" time="3.800" errors="0" timestamp="2022-12-05T19:26:13 IST" skipped="0">
  <testcase classname="advancedfeatures.ScrollDownandUP" name="IndentifyLoacatorElement" time="3.800"/>
  <system-out/>
</testsuite> <!-- advancedfeatures.ScrollDownandUP -->
