<?xml version="1.0" encoding="UTF-8"?>
<!-- Generated by org.testng.reporters.JUnitReportReporter -->
<testsuite hostname="DESKTOP-8CID97K" failures="0" tests="2" name="sikulidemo.SikuliTutorial" time="16.049" errors="0" timestamp="2022-11-30T19:39:56 IST" skipped="1">
  <testcase classname="sikulidemo.SikuliTutorial" name="WebAutomation" time="16.049"/>
  <system-out/>
  <testcase classname="sikulidemo.SikuliTutorial" name="desktopAutomation">
    <skipped/>
  </testcase> <!-- desktopAutomation -->
  <system-out/>
</testsuite> <!-- sikulidemo.SikuliTutorial -->
