<?xml version="1.0" encoding="UTF-8"?>
<!-- Generated by org.testng.reporters.JUnitReportReporter -->
<testsuite hostname="DESKTOP-8CID97K" failures="0" tests="1" name="actionclassfeatures.DragAndDrop" time="15.140" errors="0" timestamp="2022-12-01T19:23:07 IST" skipped="0">
  <testcase classname="actionclassfeatures.DragAndDrop" name="dragdropFeature" time="15.140"/>
  <system-out/>
</testsuite> <!-- actionclassfeatures.DragAndDrop -->
