<?xml version="1.0" encoding="UTF-8"?>
<!-- Generated by org.testng.reporters.JUnitReportReporter -->
<testsuite hostname="DESKTOP-8CID97K" failures="0" tests="3" name="advancedfeatures.VerifyWebTitle" time="8.452" errors="0" timestamp="2022-11-29T19:23:45 IST" skipped="0">
  <testcase classname="advancedfeatures.VerifyWebTitle" name="verifygoogleURL" time="0.706"/>
  <system-out/>
  <testcase classname="advancedfeatures.VerifyWebTitle" name="verifyText" time="6.015"/>
  <system-out/>
  <testcase classname="advancedfeatures.VerifyWebTitle" name="verifygoogleTitle" time="1.731"/>
  <system-out/>
</testsuite> <!-- advancedfeatures.VerifyWebTitle -->
