<?xml version="1.0" encoding="UTF-8"?>
<!-- Generated by org.testng.reporters.JUnitReportReporter -->
<testsuite hostname="DESKTOP-8CID97K" failures="0" tests="1" name="alertwindow.AlertWindowOkButton" time="15.657" errors="0" timestamp="2022-11-23T18:54:46 IST" skipped="0">
  <testcase classname="alertwindow.AlertWindowOkButton" name="alertOk" time="15.657"/>
  <system-out/>
</testsuite> <!-- alertwindow.AlertWindowOkButton -->
