<?xml version="1.0" encoding="UTF-8"?>
<!-- Generated by org.testng.reporters.JUnitReportReporter -->
<testsuite hostname="DESKTOP-8CID97K" failures="0" tests="1" name="advancedfeatures.SelectDropDownMethods" time="14.264" errors="0" timestamp="2022-11-22T19:10:23 IST" skipped="0">
  <testcase classname="advancedfeatures.SelectDropDownMethods" name="dropdownfeature" time="14.264"/>
  <system-out/>
</testsuite> <!-- advancedfeatures.SelectDropDownMethods -->
