<?xml version="1.0" encoding="UTF-8"?>
<!-- Generated by org.testng.reporters.JUnitReportReporter -->
<testsuite hostname="DESKTOP-8CID97K" failures="0" tests="1" name="actionclassfeatures.MouseHover" time="15.380" errors="0" timestamp="2022-12-01T19:34:40 IST" skipped="0">
  <testcase classname="actionclassfeatures.MouseHover" name="dragdropFeature" time="15.380"/>
  <system-out/>
</testsuite> <!-- actionclassfeatures.MouseHover -->
